f:\champlain\softmore year\second sem\game arc\roman.miller\midterm\graphicslib\debug\graphicslib.pdb
f:\champlain\softmore year\second sem\game arc\roman.miller\midterm\graphicslib\debug\system.obj
f:\champlain\softmore year\second sem\game arc\roman.miller\midterm\graphicslib\debug\sprite.obj
f:\champlain\softmore year\second sem\game arc\roman.miller\midterm\graphicslib\debug\keyevent.obj
f:\champlain\softmore year\second sem\game arc\roman.miller\midterm\graphicslib\debug\inputsystem.obj
f:\champlain\softmore year\second sem\game arc\roman.miller\midterm\graphicslib\debug\graphicssystem.obj
f:\champlain\softmore year\second sem\game arc\roman.miller\midterm\graphicslib\debug\graphicsbuffer.obj
f:\champlain\softmore year\second sem\game arc\roman.miller\midterm\graphicslib\debug\font.obj
f:\champlain\softmore year\second sem\game arc\roman.miller\midterm\graphicslib\debug\eventsystem.obj
f:\champlain\softmore year\second sem\game arc\roman.miller\midterm\graphicslib\debug\eventlistener.obj
f:\champlain\softmore year\second sem\game arc\roman.miller\midterm\graphicslib\debug\event.obj
f:\champlain\softmore year\second sem\game arc\roman.miller\midterm\graphicslib\debug\color.obj
f:\champlain\softmore year\second sem\game arc\roman.miller\midterm\graphicslib\debug\clickevent.obj
f:\champlain\softmore year\second sem\game arc\roman.miller\midterm\graphicslib\debug\animation.obj
c:\users\miller.roman\desktop\svn\roman.miller\midterm\graphicslib\debug\graphicslib.pdb
c:\users\miller.roman\desktop\svn\roman.miller\midterm\graphicslib\debug\system.obj
c:\users\miller.roman\desktop\svn\roman.miller\midterm\graphicslib\debug\sprite.obj
c:\users\miller.roman\desktop\svn\roman.miller\midterm\graphicslib\debug\keyevent.obj
c:\users\miller.roman\desktop\svn\roman.miller\midterm\graphicslib\debug\inputsystem.obj
c:\users\miller.roman\desktop\svn\roman.miller\midterm\graphicslib\debug\graphicssystem.obj
c:\users\miller.roman\desktop\svn\roman.miller\midterm\graphicslib\debug\graphicsbuffer.obj
c:\users\miller.roman\desktop\svn\roman.miller\midterm\graphicslib\debug\font.obj
c:\users\miller.roman\desktop\svn\roman.miller\midterm\graphicslib\debug\eventsystem.obj
c:\users\miller.roman\desktop\svn\roman.miller\midterm\graphicslib\debug\eventlistener.obj
c:\users\miller.roman\desktop\svn\roman.miller\midterm\graphicslib\debug\event.obj
c:\users\miller.roman\desktop\svn\roman.miller\midterm\graphicslib\debug\color.obj
c:\users\miller.roman\desktop\svn\roman.miller\midterm\graphicslib\debug\clickevent.obj
c:\users\miller.roman\desktop\svn\roman.miller\midterm\graphicslib\debug\animation.obj
f:\champlain\softmore year\second sem\game arc\roman.miller\midterm\graphicslib\debug\graphicslib.lib
c:\users\miller.roman\desktop\svn\roman.miller\midterm\graphicslib\debug\graphicslib.lib
c:\users\miller.roman\desktop\svn\roman.miller\midterm\graphicslib\debug\graphicslib.tlog\cl.command.1.tlog
c:\users\miller.roman\desktop\svn\roman.miller\midterm\graphicslib\debug\graphicslib.tlog\cl.read.1.tlog
c:\users\miller.roman\desktop\svn\roman.miller\midterm\graphicslib\debug\graphicslib.tlog\cl.write.1.tlog
c:\users\miller.roman\desktop\svn\roman.miller\midterm\graphicslib\debug\graphicslib.tlog\lib-link.read.1.tlog
c:\users\miller.roman\desktop\svn\roman.miller\midterm\graphicslib\debug\graphicslib.tlog\lib-link.write.1.tlog
c:\users\miller.roman\desktop\svn\roman.miller\midterm\graphicslib\debug\graphicslib.tlog\lib.command.1.tlog
